0 info it worked if it ends with ok
1 verbose cli [ '/Users/oddjobsman/.nvm/v0.10.24/bin/node',
1 verbose cli   '/Users/oddjobsman/.nvm/v0.10.24/bin/npm',
1 verbose cli   'publish',
1 verbose cli   '--force' ]
2 info using npm@1.3.21
3 info using node@v0.10.24
4 warn using --force I sure hope you know what you are doing.
5 verbose publish [ '.' ]
6 verbose cache add [ '.', null ]
7 verbose cache add name=undefined spec="." args=[".",null]
8 verbose parsed url { protocol: null,
8 verbose parsed url   slashes: null,
8 verbose parsed url   auth: null,
8 verbose parsed url   host: null,
8 verbose parsed url   port: null,
8 verbose parsed url   hostname: null,
8 verbose parsed url   hash: null,
8 verbose parsed url   search: null,
8 verbose parsed url   query: null,
8 verbose parsed url   pathname: '.',
8 verbose parsed url   path: '.',
8 verbose parsed url   href: '.' }
9 silly lockFile 3a52ce78- .
10 verbose lock . /Users/oddjobsman/.npm/3a52ce78-.lock
11 silly lockFile 3a52ce78- .
12 silly lockFile 3a52ce78- .
13 error addLocal Could not install .
14 error Error: ENOENT, open 'package.json'
15 error If you need help, you may report this *entire* log,
15 error including the npm and node versions, at:
15 error     <http://github.com/isaacs/npm/issues>
16 error System Darwin 13.0.0
17 error command "/Users/oddjobsman/.nvm/v0.10.24/bin/node" "/Users/oddjobsman/.nvm/v0.10.24/bin/npm" "publish" "--force"
18 error cwd /Users/oddjobsman/Projects/circuitbox/examples
19 error node -v v0.10.24
20 error npm -v 1.3.21
21 error path package.json
22 error code ENOENT
23 error errno 34
24 verbose exit [ 34, true ]
